c:\users\odin\desktop\game - master\game\casstlevania\debug\vc120.pdb
c:\users\odin\desktop\game - master\game\casstlevania\debug\vc120.idb
c:\users\odin\desktop\game - master\game\casstlevania\debug\gaudio.obj
c:\users\odin\desktop\game - master\game\casstlevania\debug\game.obj
c:\users\odin\desktop\game - master\game\casstlevania\debug\introscene.obj
c:\users\odin\desktop\game - master\game\casstlevania\debug\simon.obj
c:\users\odin\desktop\game - master\game\casstlevania\debug\stage3.obj
c:\users\odin\desktop\game - master\game\casstlevania\debug\winmain.obj
c:\users\odin\desktop\game - master\game\casstlevania\debug\dgraphic.obj
c:\users\odin\desktop\game - master\game\casstlevania\debug\device.obj
c:\users\odin\desktop\game - master\game\casstlevania\debug\global.obj
c:\users\odin\desktop\game - master\game\casstlevania\debug\input.obj
c:\users\odin\desktop\game - master\game\casstlevania\debug\map.obj
c:\users\odin\desktop\game - master\game\casstlevania\debug\scene.obj
c:\users\odin\desktop\game - master\game\casstlevania\debug\sprite.obj
c:\users\odin\desktop\game - master\game\casstlevania\debug\spritemanager.obj
c:\users\odin\desktop\game - master\game\casstlevania\debug\texture.obj
c:\users\odin\desktop\game - master\game\casstlevania\debug\tile.obj
c:\users\odin\desktop\game - master\game\casstlevania\debug\tileset.obj
c:\users\odin\desktop\game - master\game\casstlevania\debug\timer.obj
c:\users\odin\desktop\game - master\game\casstlevania\debug\viewport.obj
c:\users\odin\desktop\game - master\game\casstlevania\debug\dsutil.obj
c:\users\odin\desktop\game - master\game\casstlevania\debug\utils.obj
c:\users\odin\desktop\game - master\game\casstlevania\debug\tilescreen.obj
c:\users\odin\desktop\game - master\game\debug\casstlevania.ilk
c:\users\odin\desktop\game - master\game\debug\casstlevania.exe
c:\users\odin\desktop\game - master\game\debug\casstlevania.pdb
c:\users\odin\desktop\game - master\game\casstlevania\debug\casstlevania.tlog\cl.command.1.tlog
c:\users\odin\desktop\game - master\game\casstlevania\debug\casstlevania.tlog\cl.read.1.tlog
c:\users\odin\desktop\game - master\game\casstlevania\debug\casstlevania.tlog\cl.write.1.tlog
c:\users\odin\desktop\game - master\game\casstlevania\debug\casstlevania.tlog\link.command.1.tlog
c:\users\odin\desktop\game - master\game\casstlevania\debug\casstlevania.tlog\link.read.1.tlog
c:\users\odin\desktop\game - master\game\casstlevania\debug\casstlevania.tlog\link.write.1.tlog
